"Start of log file."
"C:/Users/Ross/DOCUME~1/IP3-GR~1/Assets/3DASSE~1/LOWPOL~1/LOWPOL~2.MAX"
"Starting max loading and fbx conversion"
window = undefined
"Finished max loading and fbx conversion"
"C:/Users/Ross/DOCUME~1/IP3-GR~1/Assets/3DASSE~1/LOWPOL~1/LOWPOL~4.MAX"
"Starting max loading and fbx conversion"
window = undefined
"Finished max loading and fbx conversion"
"C:/Users/Ross/DOCUME~1/IP3-GR~1/Assets/3DASSE~1/LOWPOL~1/LOWPOL~1.MAX"
"Starting max loading and fbx conversion"
window = undefined
"Finished max loading and fbx conversion"
"C:/Users/Ross/DOCUME~1/IP3-GR~1/Assets/3DASSE~1/LOWPOL~1/LOWPOL~3.MAX"
"Starting max loading and fbx conversion"
window = undefined
"Finished max loading and fbx conversion"
"C:/Users/Ross/DOCUME~1/IP3-GR~1/Assets/3DASSE~1/LOWPOL~2/LOWPOL~1.MAX"
"Starting max loading and fbx conversion"
window = undefined
"Finished max loading and fbx conversion"
